[2025-08-11 01:06:42] [INFO] Starting deployment of DocuArch Knowledge Graph Viewer...
[2025-08-11 01:06:42] [INFO] Environment: development
[2025-08-11 01:06:42] [INFO] Port: 3000
[2025-08-11 01:06:42] [INFO] Docker: False
[2025-08-11 01:06:42] [INFO] Production: False
[2025-08-11 01:06:42] [INFO] SSL: False
[2025-08-11 01:06:42] [INFO] Checking prerequisites...
[2025-08-11 01:06:42] [INFO] Node.js version: v24.5.0
[2025-08-11 01:06:43] [INFO] npm version: 11.4.2
[2025-08-11 01:06:43] [INFO] Prerequisites check completed successfully.
[2025-08-11 01:06:43] [INFO] Cleaning previous builds...
[2025-08-11 01:06:43] [INFO] Installing dependencies...
[2025-08-11 01:06:44] [INFO] Dependencies installed successfully.
[2025-08-11 01:06:44] [INFO] Setting up sample data...
[2025-08-11 01:06:44] [INFO] Sample data created at C:\code\github\RobDelve\docuarch-knowledge-graph-viewer\public\data\sample.json
[2025-08-11 01:06:44] [INFO] Building application for development environment...
[2025-08-11 01:06:45] [INFO] Application built successfully.
[2025-08-11 01:06:45] [INFO] Deploying locally on port 3000...
[2025-08-11 01:06:46] [INFO] Deployment completed successfully!
[2025-08-11 01:13:52] [INFO] Starting deployment of DocuArch Knowledge Graph Viewer...
[2025-08-11 01:13:52] [INFO] Environment: development
[2025-08-11 01:13:52] [INFO] Port: 3000
[2025-08-11 01:13:52] [INFO] Docker: False
[2025-08-11 01:13:52] [INFO] Production: False
[2025-08-11 01:13:52] [INFO] SSL: False
[2025-08-11 01:13:52] [INFO] Checking prerequisites...
[2025-08-11 01:13:52] [INFO] Node.js version: v24.5.0
[2025-08-11 01:13:52] [INFO] npm version: 11.4.2
[2025-08-11 01:13:52] [INFO] Prerequisites check completed successfully.
[2025-08-11 01:13:52] [INFO] Cleaning previous builds...
[2025-08-11 01:13:52] [INFO] Installing dependencies...
[2025-08-11 01:13:55] [INFO] Dependencies installed successfully.
[2025-08-11 01:13:55] [INFO] Setting up sample data...
[2025-08-11 01:13:56] [INFO] Sample data created at C:\code\github\RobDelve\docuarch-knowledge-graph-viewer\public\data\sample.json
[2025-08-11 01:13:56] [INFO] Building application for development environment...
[2025-08-11 01:14:11] [INFO] Application built successfully.
[2025-08-11 01:14:11] [INFO] Deploying locally on port 3000...
[2025-08-11 01:17:10] [INFO] Starting deployment of DocuArch Knowledge Graph Viewer...
[2025-08-11 01:17:10] [INFO] Environment: development
[2025-08-11 01:17:10] [INFO] Port: 3000
[2025-08-11 01:17:10] [INFO] Docker: False
[2025-08-11 01:17:10] [INFO] Production: False
[2025-08-11 01:17:10] [INFO] SSL: False
[2025-08-11 01:17:10] [INFO] Checking prerequisites...
[2025-08-11 01:17:10] [INFO] Node.js version: v24.5.0
[2025-08-11 01:17:11] [INFO] npm version: 11.4.2
[2025-08-11 01:17:11] [INFO] Prerequisites check completed successfully.
[2025-08-11 01:17:11] [INFO] Cleaning previous builds...
[2025-08-11 01:17:11] [INFO] Removed build directory.
[2025-08-11 01:17:11] [INFO] Installing dependencies...
[2025-08-11 01:17:43] [INFO] Dependencies installed successfully.
[2025-08-11 01:17:43] [INFO] Setting up sample data...
[2025-08-11 01:17:43] [INFO] Sample data created at C:\code\github\RobDelve\docuarch-knowledge-graph-viewer\public\data\sample.json
[2025-08-11 01:17:43] [INFO] Building application for development environment...
[2025-08-11 01:17:59] [INFO] Application built successfully.
[2025-08-11 01:17:59] [INFO] Deploying locally on port 3000...
[2025-08-11 01:22:03] [INFO] Starting deployment of DocuArch Knowledge Graph Viewer...
[2025-08-11 01:22:03] [INFO] Environment: development
[2025-08-11 01:22:03] [INFO] Port: 3000
[2025-08-11 01:22:03] [INFO] Docker: False
[2025-08-11 01:22:03] [INFO] Production: False
[2025-08-11 01:22:03] [INFO] SSL: False
[2025-08-11 01:22:03] [INFO] Checking prerequisites...
[2025-08-11 01:22:03] [INFO] Node.js version: v24.5.0
[2025-08-11 01:22:04] [INFO] npm version: 11.4.2
[2025-08-11 01:22:04] [INFO] Prerequisites check completed successfully.
[2025-08-11 01:22:04] [INFO] Cleaning previous builds...
[2025-08-11 01:22:04] [INFO] Removed build directory.
[2025-08-11 01:22:04] [INFO] Installing dependencies...
[2025-08-11 01:22:37] [INFO] Dependencies installed successfully.
[2025-08-11 01:22:37] [INFO] Setting up sample data...
[2025-08-11 01:22:37] [INFO] Sample data created at C:\code\github\RobDelve\docuarch-knowledge-graph-viewer\public\data\sample.json
[2025-08-11 01:22:37] [INFO] Building application for development environment...
[2025-08-11 01:22:52] [INFO] Application built successfully.
[2025-08-11 01:22:52] [INFO] Deploying locally on port 3000...
